Analysis & Synthesis report for completecontrolunit
Wed Nov 01 16:01:23 2017
Quartus II Version 9.1 Build 304 01/25/2010 Service Pack 1 SJ Web Edition


---------------------
; Table of Contents ;
---------------------
  1. Legal Notice
  2. Analysis & Synthesis Summary
  3. Analysis & Synthesis Settings
  4. Parallel Compilation
  5. Analysis & Synthesis Source Files Read
  6. Analysis & Synthesis Resource Usage Summary
  7. Analysis & Synthesis Resource Utilization by Entity
  8. User-Specified and Inferred Latches
  9. General Register Statistics
 10. Analysis & Synthesis Messages



----------------
; Legal Notice ;
----------------
Copyright (C) 1991-2010 Altera Corporation
Your use of Altera Corporation's design tools, logic functions 
and other software and tools, and its AMPP partner logic 
functions, and any output files from any of the foregoing 
(including device programming or simulation files), and any 
associated documentation or information are expressly subject 
to the terms and conditions of the Altera Program License 
Subscription Agreement, Altera MegaCore Function License 
Agreement, or other applicable license agreement, including, 
without limitation, that your use is for the sole purpose of 
programming logic devices manufactured by Altera and sold by 
Altera or its authorized distributors.  Please refer to the 
applicable agreement for further details.



+----------------------------------------------------------------------------+
; Analysis & Synthesis Summary                                               ;
+-----------------------------+----------------------------------------------+
; Analysis & Synthesis Status ; Successful - Wed Nov 01 16:01:23 2017        ;
; Quartus II Version          ; 9.1 Build 304 01/25/2010 SP 1 SJ Web Edition ;
; Revision Name               ; completecontrolunit                          ;
; Top-level Entity Name       ; completecontrolunit                          ;
; Family                      ; Cyclone                                      ;
; Total logic elements        ; 53                                           ;
; Total pins                  ; 55                                           ;
; Total virtual pins          ; 0                                            ;
; Total memory bits           ; 0                                            ;
; Total PLLs                  ; 0                                            ;
+-----------------------------+----------------------------------------------+


+------------------------------------------------------------------------------------------------------------------------+
; Analysis & Synthesis Settings                                                                                          ;
+----------------------------------------------------------------------------+---------------------+---------------------+
; Option                                                                     ; Setting             ; Default Value       ;
+----------------------------------------------------------------------------+---------------------+---------------------+
; Device                                                                     ; EP1C12F324C8        ;                     ;
; Top-level entity name                                                      ; completecontrolunit ; completecontrolunit ;
; Family name                                                                ; Cyclone             ; Stratix II          ;
; Use Generated Physical Constraints File                                    ; Off                 ;                     ;
; Use smart compilation                                                      ; Off                 ; Off                 ;
; Enable parallel Assembler and TimeQuest Timing Analyzer during compilation ; On                  ; On                  ;
; Enable compact report table                                                ; Off                 ; Off                 ;
; Restructure Multiplexers                                                   ; Auto                ; Auto                ;
; Create Debugging Nodes for IP Cores                                        ; Off                 ; Off                 ;
; Preserve fewer node names                                                  ; On                  ; On                  ;
; Disable OpenCore Plus hardware evaluation                                  ; Off                 ; Off                 ;
; Verilog Version                                                            ; Verilog_2001        ; Verilog_2001        ;
; VHDL Version                                                               ; VHDL_1993           ; VHDL_1993           ;
; State Machine Processing                                                   ; Auto                ; Auto                ;
; Safe State Machine                                                         ; Off                 ; Off                 ;
; Extract Verilog State Machines                                             ; On                  ; On                  ;
; Extract VHDL State Machines                                                ; On                  ; On                  ;
; Ignore Verilog initial constructs                                          ; Off                 ; Off                 ;
; Iteration limit for constant Verilog loops                                 ; 5000                ; 5000                ;
; Iteration limit for non-constant Verilog loops                             ; 250                 ; 250                 ;
; Add Pass-Through Logic to Inferred RAMs                                    ; On                  ; On                  ;
; Parallel Synthesis                                                         ; On                  ; On                  ;
; NOT Gate Push-Back                                                         ; On                  ; On                  ;
; Power-Up Don't Care                                                        ; On                  ; On                  ;
; Remove Redundant Logic Cells                                               ; Off                 ; Off                 ;
; Remove Duplicate Registers                                                 ; On                  ; On                  ;
; Ignore CARRY Buffers                                                       ; Off                 ; Off                 ;
; Ignore CASCADE Buffers                                                     ; Off                 ; Off                 ;
; Ignore GLOBAL Buffers                                                      ; Off                 ; Off                 ;
; Ignore ROW GLOBAL Buffers                                                  ; Off                 ; Off                 ;
; Ignore LCELL Buffers                                                       ; Off                 ; Off                 ;
; Ignore SOFT Buffers                                                        ; On                  ; On                  ;
; Limit AHDL Integers to 32 Bits                                             ; Off                 ; Off                 ;
; Optimization Technique                                                     ; Balanced            ; Balanced            ;
; Carry Chain Length                                                         ; 70                  ; 70                  ;
; Auto Carry Chains                                                          ; On                  ; On                  ;
; Auto Open-Drain Pins                                                       ; On                  ; On                  ;
; Perform WYSIWYG Primitive Resynthesis                                      ; Off                 ; Off                 ;
; Auto ROM Replacement                                                       ; On                  ; On                  ;
; Auto RAM Replacement                                                       ; On                  ; On                  ;
; Auto Shift Register Replacement                                            ; Auto                ; Auto                ;
; Auto Clock Enable Replacement                                              ; On                  ; On                  ;
; Strict RAM Replacement                                                     ; Off                 ; Off                 ;
; Allow Synchronous Control Signals                                          ; On                  ; On                  ;
; Force Use of Synchronous Clear Signals                                     ; Off                 ; Off                 ;
; Auto RAM Block Balancing                                                   ; On                  ; On                  ;
; Auto RAM to Logic Cell Conversion                                          ; Off                 ; Off                 ;
; Auto Resource Sharing                                                      ; Off                 ; Off                 ;
; Allow Any RAM Size For Recognition                                         ; Off                 ; Off                 ;
; Allow Any ROM Size For Recognition                                         ; Off                 ; Off                 ;
; Allow Any Shift Register Size For Recognition                              ; Off                 ; Off                 ;
; Use LogicLock Constraints during Resource Balancing                        ; On                  ; On                  ;
; Ignore translate_off and synthesis_off directives                          ; Off                 ; Off                 ;
; Show Parameter Settings Tables in Synthesis Report                         ; On                  ; On                  ;
; Ignore Maximum Fan-Out Assignments                                         ; Off                 ; Off                 ;
; Synchronization Register Chain Length                                      ; 2                   ; 2                   ;
; PowerPlay Power Optimization                                               ; Normal compilation  ; Normal compilation  ;
; HDL message level                                                          ; Level2              ; Level2              ;
; Suppress Register Optimization Related Messages                            ; Off                 ; Off                 ;
; Number of Removed Registers Reported in Synthesis Report                   ; 5000                ; 5000                ;
; Number of Inverted Registers Reported in Synthesis Report                  ; 100                 ; 100                 ;
; Clock MUX Protection                                                       ; On                  ; On                  ;
; Block Design Naming                                                        ; Auto                ; Auto                ;
; Synthesis Effort                                                           ; Auto                ; Auto                ;
; Shift Register Replacement - Allow Asynchronous Clear Signal               ; On                  ; On                  ;
; Analysis & Synthesis Message Level                                         ; Medium              ; Medium              ;
; Disable Register Merging Across Hierarchies                                ; Auto                ; Auto                ;
; Resource Aware Inference For Block RAM                                     ; On                  ; On                  ;
+----------------------------------------------------------------------------+---------------------+---------------------+


Parallel compilation was disabled, but you have multiple processors available. Enable parallel compilation to reduce compilation time.
+-------------------------------------+
; Parallel Compilation                ;
+----------------------------+--------+
; Processors                 ; Number ;
+----------------------------+--------+
; Number detected on machine ; 4      ;
; Maximum allowed            ; 1      ;
+----------------------------+--------+


+----------------------------------------------------------------------------------------------------------------------------------------------------------------------------+
; Analysis & Synthesis Source Files Read                                                                                                                                     ;
+----------------------------------+-----------------+------------------------------------+----------------------------------------------------------------------------------+
; File Name with User-Entered Path ; Used in Netlist ; File Type                          ; File Name with Absolute Path                                                     ;
+----------------------------------+-----------------+------------------------------------+----------------------------------------------------------------------------------+
; completecontrolunit.bdf          ; yes             ; User Block Diagram/Schematic File  ; C:/Users/Administrator/Documents/completecontrolunit/completecontrolunit.bdf     ;
; controlunit/controlunit.vhd      ; yes             ; User VHDL File                     ; C:/Users/Administrator/Documents/completecontrolunit/controlunit/controlunit.vhd ;
; adder/adder.vhd                  ; yes             ; User VHDL File                     ; C:/Users/Administrator/Documents/completecontrolunit/adder/adder.vhd             ;
; multitwo/multitwo.vhd            ; yes             ; User VHDL File                     ; C:/Users/Administrator/Documents/completecontrolunit/multitwo/multitwo.vhd       ;
+----------------------------------+-----------------+------------------------------------+----------------------------------------------------------------------------------+


+--------------------------------------------------------+
; Analysis & Synthesis Resource Usage Summary            ;
+---------------------------------------------+----------+
; Resource                                    ; Usage    ;
+---------------------------------------------+----------+
; Total logic elements                        ; 53       ;
;     -- Combinational with no register       ; 37       ;
;     -- Register only                        ; 0        ;
;     -- Combinational with a register        ; 16       ;
;                                             ;          ;
; Logic element usage by number of LUT inputs ;          ;
;     -- 4 input functions                    ; 19       ;
;     -- 3 input functions                    ; 23       ;
;     -- 2 input functions                    ; 11       ;
;     -- 1 input functions                    ; 0        ;
;     -- 0 input functions                    ; 0        ;
;                                             ;          ;
; Logic elements by mode                      ;          ;
;     -- normal mode                          ; 38       ;
;     -- arithmetic mode                      ; 15       ;
;     -- qfbk mode                            ; 0        ;
;     -- register cascade mode                ; 0        ;
;     -- synchronous clear/load mode          ; 0        ;
;     -- asynchronous clear/load mode         ; 0        ;
;                                             ;          ;
; Total registers                             ; 16       ;
; Total logic cells in carry chains           ; 16       ;
; I/O pins                                    ; 55       ;
; Maximum fan-out node                        ; CLK_LINE ;
; Maximum fan-out                             ; 16       ;
; Total fan-out                               ; 216      ;
; Average fan-out                             ; 2.00     ;
+---------------------------------------------+----------+


+----------------------------------------------------------------------------------------------------------------------------------------------------------------------------------------------------------------------------------------------+
; Analysis & Synthesis Resource Utilization by Entity                                                                                                                                                                                          ;
+----------------------------+-------------+--------------+-------------+------+--------------+--------------+-------------------+------------------+-----------------+------------+--------------------------------------------+--------------+
; Compilation Hierarchy Node ; Logic Cells ; LC Registers ; Memory Bits ; Pins ; Virtual Pins ; LUT-Only LCs ; Register-Only LCs ; LUT/Register LCs ; Carry Chain LCs ; Packed LCs ; Full Hierarchy Name                        ; Library Name ;
+----------------------------+-------------+--------------+-------------+------+--------------+--------------+-------------------+------------------+-----------------+------------+--------------------------------------------+--------------+
; |completecontrolunit       ; 53 (4)      ; 16           ; 0           ; 55   ; 0            ; 37 (4)       ; 0 (0)             ; 16 (0)           ; 16 (0)          ; 0 (0)      ; |completecontrolunit                       ; work         ;
;    |controlunit:inst|      ; 25 (25)     ; 0            ; 0           ; 0    ; 0            ; 25 (25)      ; 0 (0)             ; 0 (0)            ; 0 (0)           ; 0 (0)      ; |completecontrolunit|controlunit:inst      ;              ;
;    |multitwo:inst18|       ; 8 (8)       ; 0            ; 0           ; 0    ; 0            ; 8 (8)        ; 0 (0)             ; 0 (0)            ; 0 (0)           ; 0 (0)      ; |completecontrolunit|multitwo:inst18       ; work         ;
;    |programcounter:inst23| ; 16 (16)     ; 16           ; 0           ; 0    ; 0            ; 0 (0)        ; 0 (0)             ; 16 (16)          ; 16 (16)         ; 0 (0)      ; |completecontrolunit|programcounter:inst23 ; work         ;
+----------------------------+-------------+--------------+-------------+------+--------------+--------------+-------------------+------------------+-----------------+------------+--------------------------------------------+--------------+
Note: For table entries with two numbers listed, the numbers in parentheses indicate the number of resources of the given type used by the specific entity alone. The numbers listed outside of parentheses indicate the total resources of the given type used by the specific entity and all of its sub-entities in the hierarchy.


+------------------------------------------------------------------------------------------------------------+
; User-Specified and Inferred Latches                                                                        ;
+----------------------------------------------------+------------------------------+------------------------+
; Latch Name                                         ; Latch Enable Signal          ; Free of Timing Hazards ;
+----------------------------------------------------+------------------------------+------------------------+
; controlunit:inst|mux1selout                        ; controlunit:inst|aluinselout ; yes                    ;
; controlunit:inst|memwriteout                       ; controlunit:inst|Equal11     ; yes                    ;
; controlunit:inst|bcsout                            ; controlunit:inst|Equal0      ; yes                    ;
; controlunit:inst|bccout                            ; controlunit:inst|Equal0      ; yes                    ;
; controlunit:inst|bneout                            ; controlunit:inst|Equal0      ; yes                    ;
; controlunit:inst|bplout                            ; controlunit:inst|Equal0      ; yes                    ;
; controlunit:inst|beqout                            ; controlunit:inst|Equal0      ; yes                    ;
; controlunit:inst|bmiout                            ; controlunit:inst|Equal0      ; yes                    ;
; controlunit:inst|braout                            ; controlunit:inst|Equal0      ; yes                    ;
; Number of user-specified and inferred latches = 9  ;                              ;                        ;
+----------------------------------------------------+------------------------------+------------------------+
Note: All latches listed above may not be present at the end of synthesis due to various synthesis optimizations.


+------------------------------------------------------+
; General Register Statistics                          ;
+----------------------------------------------+-------+
; Statistic                                    ; Value ;
+----------------------------------------------+-------+
; Total registers                              ; 16    ;
; Number of registers using Synchronous Clear  ; 0     ;
; Number of registers using Synchronous Load   ; 0     ;
; Number of registers using Asynchronous Clear ; 0     ;
; Number of registers using Asynchronous Load  ; 0     ;
; Number of registers using Clock Enable       ; 0     ;
; Number of registers using Preset             ; 0     ;
+----------------------------------------------+-------+


+-------------------------------+
; Analysis & Synthesis Messages ;
+-------------------------------+
Info: *******************************************************************
Info: Running Quartus II Analysis & Synthesis
    Info: Version 9.1 Build 304 01/25/2010 Service Pack 1 SJ Web Edition
    Info: Processing started: Wed Nov 01 16:01:22 2017
Info: Command: quartus_map --read_settings_files=on --write_settings_files=off completecontrolunit -c completecontrolunit
Info: Found 1 design units, including 1 entities, in source file completecontrolunit.bdf
    Info: Found entity 1: completecontrolunit
Info: Found 6 design units, including 3 entities, in source file controlunit/controlunit.vhd
    Info: Found design unit 1: controlunit-behave
    Info: Found design unit 2: programcounter-behavetwo
    Info: Found design unit 3: memextend-behavethree
    Info: Found entity 1: controlunit
    Info: Found entity 2: programcounter
    Info: Found entity 3: memextend
Info: Found 2 design units, including 1 entities, in source file adder/adder.vhd
    Info: Found design unit 1: adder-behave
    Info: Found entity 1: adder
Info: Found 2 design units, including 1 entities, in source file multitwo/multitwo.vhd
    Info: Found design unit 1: multitwo-behave
    Info: Found entity 1: multitwo
Info: Elaborating entity "completecontrolunit" for the top level hierarchy
Info: Elaborating entity "controlunit" for hierarchy "controlunit:inst"
Warning (10631): VHDL Process Statement warning at controlunit.vhd(65): inferring latch(es) for signal or variable "memwriteout", which holds its previous value in one or more paths through the process
Warning (10631): VHDL Process Statement warning at controlunit.vhd(65): inferring latch(es) for signal or variable "braout", which holds its previous value in one or more paths through the process
Warning (10631): VHDL Process Statement warning at controlunit.vhd(65): inferring latch(es) for signal or variable "bccout", which holds its previous value in one or more paths through the process
Warning (10631): VHDL Process Statement warning at controlunit.vhd(65): inferring latch(es) for signal or variable "bcsout", which holds its previous value in one or more paths through the process
Warning (10631): VHDL Process Statement warning at controlunit.vhd(65): inferring latch(es) for signal or variable "bneout", which holds its previous value in one or more paths through the process
Warning (10631): VHDL Process Statement warning at controlunit.vhd(65): inferring latch(es) for signal or variable "beqout", which holds its previous value in one or more paths through the process
Warning (10631): VHDL Process Statement warning at controlunit.vhd(65): inferring latch(es) for signal or variable "bplout", which holds its previous value in one or more paths through the process
Warning (10631): VHDL Process Statement warning at controlunit.vhd(65): inferring latch(es) for signal or variable "bmiout", which holds its previous value in one or more paths through the process
Warning (10631): VHDL Process Statement warning at controlunit.vhd(65): inferring latch(es) for signal or variable "mux1selout", which holds its previous value in one or more paths through the process
Info (10041): Inferred latch for "mux1selout" at controlunit.vhd(65)
Info (10041): Inferred latch for "bmiout" at controlunit.vhd(65)
Info (10041): Inferred latch for "bplout" at controlunit.vhd(65)
Info (10041): Inferred latch for "beqout" at controlunit.vhd(65)
Info (10041): Inferred latch for "bneout" at controlunit.vhd(65)
Info (10041): Inferred latch for "bcsout" at controlunit.vhd(65)
Info (10041): Inferred latch for "bccout" at controlunit.vhd(65)
Info (10041): Inferred latch for "braout" at controlunit.vhd(65)
Info (10041): Inferred latch for "memwriteout" at controlunit.vhd(65)
Info: Elaborating entity "programcounter" for hierarchy "programcounter:inst23"
Info: Elaborating entity "adder" for hierarchy "adder:inst17"
Info: Elaborating entity "multitwo" for hierarchy "multitwo:inst18"
Info: Elaborating entity "memextend" for hierarchy "memextend:inst24"
Warning: Latch controlunit:inst|mux1selout has unsafe behavior
    Warning: Ports D and ENA on the latch are fed by the same signal INSTRUCTION[15]
Warning: Latch controlunit:inst|memwriteout has unsafe behavior
    Warning: Ports D and ENA on the latch are fed by the same signal INSTRUCTION[15]
    Warning: Ports ENA and CLR on the latch are fed by the same signal INSTRUCTION[15]
Warning: Output pins are stuck at VCC or GND
    Warning (13410): Pin "MUX2_SELECT[1]" is stuck at GND
    Warning (13410): Pin "MUX2_SELECT[0]" is stuck at GND
Info: Implemented 108 device resources after synthesis - the final resource count might be different
    Info: Implemented 20 input pins
    Info: Implemented 35 output pins
    Info: Implemented 53 logic cells
Info: Quartus II Analysis & Synthesis was successful. 0 errors, 17 warnings
    Info: Peak virtual memory: 254 megabytes
    Info: Processing ended: Wed Nov 01 16:01:23 2017
    Info: Elapsed time: 00:00:01
    Info: Total CPU time (on all processors): 00:00:01


